The target system is: Generic - 3.0.0 - arm
The host system is: Linux - 5.4.0-117-generic - x86_64
Compiling the C compiler identification source file "CMakeCCompilerId.c" succeeded.
Compiler: /opt/arm-none-eabi/bin/arm-none-eabi-gcc 
Build flags: 
Id flags: -c 

The output was:
0


Compilation of the C compiler identification source "CMakeCCompilerId.c" produced "CMakeCCompilerId.o"

The C compiler identification is GNU, found in "/home/isaac/repo/zephyr_fork/zephyr_app/build/CMakeFiles/3.23.2/CompilerIdC/CMakeCCompilerId.o"

Compiling the CXX compiler identification source file "CMakeCXXCompilerId.cpp" succeeded.
Compiler: /opt/arm-none-eabi/bin/arm-none-eabi-g++ 
Build flags: 
Id flags: -c 

The output was:
0


Compilation of the CXX compiler identification source "CMakeCXXCompilerId.cpp" produced "CMakeCXXCompilerId.o"

The CXX compiler identification is GNU, found in "/home/isaac/repo/zephyr_fork/zephyr_app/build/CMakeFiles/3.23.2/CompilerIdCXX/CMakeCXXCompilerId.o"

Checking whether the ASM compiler is GNU using "--version" matched "(GNU assembler)|(GCC)|(Free Software Foundation)":
arm-none-eabi-gcc (GNU Arm Embedded Toolchain 10.3-2021.10) 10.3.1 20210824 (release)
Copyright (C) 2020 Free Software Foundation, Inc.
This is free software; see the source for copying conditions.  There is NO
warranty; not even for MERCHANTABILITY or FITNESS FOR A PARTICULAR PURPOSE.

Performing C SOURCE FILE Test check_fmacro_prefix_map__home_isaac_repo_zephyr_fork_zephyr_app_CMAKE_SOURCE_DIR_C__nostartfiles__nostdlib__isystem___opt_arm_none_eabi_bin____lib_gcc_arm_none_eabi_10_3_1_include___isystem___opt_arm_none_eabi_bin____lib_gcc_arm_none_eabi_10_3_1_include_fixed___Wl___unresolved_symbols_ignore_in_object_files__Wl___entry_0 succeeded with the following output:
Change Dir: /home/isaac/repo/zephyr_fork/zephyr_app/build/CMakeFiles/CMakeTmp

Run Build Command(s):/usr/bin/ninja cmTC_91034 && [1/2] Building C object CMakeFiles/cmTC_91034.dir/src.c.obj
[2/2] Linking C executable cmTC_91034


Source file was:
int main(void) { return 0; }
